<?xml version="1.0" encoding="UTF-8"?>
<coverage generated="1700458938576" clover="3.2.0">
  <project timestamp="1700458938576" name="All files">
    <metrics statements="23" coveredstatements="14" conditionals="4" coveredconditionals="1" methods="3" coveredmethods="0" elements="30" coveredelements="15" complexity="0" loc="23" ncloc="23" packages="1" files="3" classes="3"/>
    <file name="app.js" path="/Users/srinipandiyan/Desktop/SWE/Node/express-postgres/express-biztime/35.1-Node-Pg-Exercises/app.js">
      <metrics statements="11" coveredstatements="7" conditionals="2" coveredconditionals="0" methods="2" coveredmethods="0"/>
      <line num="4" count="1" type="stmt"/>
      <line num="6" count="1" type="stmt"/>
      <line num="7" count="1" type="stmt"/>
      <line num="9" count="1" type="stmt"/>
      <line num="14" count="1" type="stmt"/>
      <line num="15" count="0" type="stmt"/>
      <line num="16" count="0" type="stmt"/>
      <line num="21" count="1" type="stmt"/>
      <line num="22" count="0" type="cond" truecount="0" falsecount="2"/>
      <line num="24" count="0" type="stmt"/>
      <line num="31" count="1" type="stmt"/>
    </file>
    <file name="db.js" path="/Users/srinipandiyan/Desktop/SWE/Node/express-postgres/express-biztime/35.1-Node-Pg-Exercises/db.js">
      <metrics statements="7" coveredstatements="6" conditionals="2" coveredconditionals="1" methods="0" coveredmethods="0"/>
      <line num="3" count="1" type="stmt"/>
      <line num="7" count="1" type="cond" truecount="1" falsecount="1"/>
      <line num="8" count="1" type="stmt"/>
      <line num="10" count="0" type="stmt"/>
      <line num="13" count="1" type="stmt"/>
      <line num="17" count="1" type="stmt"/>
      <line num="19" count="1" type="stmt"/>
    </file>
    <file name="expressError.js" path="/Users/srinipandiyan/Desktop/SWE/Node/express-postgres/express-biztime/35.1-Node-Pg-Exercises/expressError.js">
      <metrics statements="5" coveredstatements="1" conditionals="0" coveredconditionals="0" methods="1" coveredmethods="0"/>
      <line num="9" count="0" type="stmt"/>
      <line num="10" count="0" type="stmt"/>
      <line num="11" count="0" type="stmt"/>
      <line num="12" count="0" type="stmt"/>
      <line num="17" count="1" type="stmt"/>
    </file>
  </project>
</coverage>
