TN:
SF:app.js
FN:14,(anonymous_0)
FN:21,(anonymous_1)
FNF:2
FNH:0
FNDA:0,(anonymous_0)
FNDA:0,(anonymous_1)
DA:4,1
DA:6,1
DA:7,1
DA:9,1
DA:14,1
DA:15,0
DA:16,0
DA:21,1
DA:22,0
DA:24,0
DA:31,1
LF:11
LH:7
BRDA:22,0,0,0
BRDA:22,0,1,0
BRF:2
BRH:0
end_of_record
TN:
SF:db.js
FNF:0
FNH:0
DA:3,1
DA:7,1
DA:8,1
DA:10,0
DA:13,1
DA:17,1
DA:19,1
LF:7
LH:6
BRDA:7,0,0,1
BRDA:7,0,1,0
BRF:2
BRH:1
end_of_record
TN:
SF:expressError.js
FN:8,(anonymous_0)
FNF:1
FNH:0
FNDA:0,(anonymous_0)
DA:9,0
DA:10,0
DA:11,0
DA:12,0
DA:17,1
LF:5
LH:1
BRF:0
BRH:0
end_of_record
